time="2024-07-24T08:54:12+04:00" level=info msg="create router" func="main.main()" file="main.go:22"
time="2024-07-24T08:54:12+04:00" level=info msg="register user handler" func="main.main()" file="main.go:25"
time="2024-07-24T08:54:12+04:00" level=info msg="start application" func="main.main()" file="main.go:41"
time="2024-07-24T16:18:49+04:00" level=info msg="create router" func="main.main()" file="main.go:22"
time="2024-07-24T16:18:49+04:00" level=info msg="register user handler" func="main.main()" file="main.go:25"
time="2024-07-24T16:18:49+04:00" level=info msg="start application" func="main.start()" file="main.go:48"
time="2024-07-24T16:24:42+04:00" level=info msg="create router" func="main.main()" file="main.go:22"
time="2024-07-24T16:24:42+04:00" level=info msg="register user handler" func="main.main()" file="main.go:25"
time="2024-07-24T16:24:42+04:00" level=info msg="start application" func="main.start()" file="main.go:47"
time="2024-07-24T16:24:52+04:00" level=info msg="get user list method" func="micro/internal/user.(*handler).GetUserList()" file="handler.go:35"
time="2024-07-26T00:14:35+04:00" level=info msg="parsing config" func="main.main()" file="main.go:23"
time="2024-07-26T00:14:35+04:00" level=info msg="create router" func="main.main()" file="main.go:26"
time="2024-07-26T00:14:35+04:00" level=info msg="register user handler" func="main.main()" file="main.go:29"
time="2024-07-26T00:16:46+04:00" level=info msg="parsing config" func="main.main()" file="main.go:23"
time="2024-07-26T00:16:46+04:00" level=info msg="create router" func="main.main()" file="main.go:26"
time="2024-07-26T00:16:46+04:00" level=info msg="register user handler" func="main.main()" file="main.go:29"
time="2024-07-26T08:58:49+04:00" level=info msg="parsing config" func="main.main()" file="main.go:23"
time="2024-07-26T08:58:49+04:00" level=info msg="create router" func="main.main()" file="main.go:26"
time="2024-07-26T08:58:49+04:00" level=info msg="register user handler" func="main.main()" file="main.go:29"
time="2024-07-26T08:58:49+04:00" level=info msg="start application" func="main.start()" file="main.go:51"
time="2024-07-26T09:00:01+04:00" level=info msg="parsing config" func="main.main()" file="main.go:23"
time="2024-07-26T09:00:01+04:00" level=info msg="<nil> - this is config" func="main.main()" file="main.go:25"
time="2024-07-26T09:00:01+04:00" level=info msg="create router" func="main.main()" file="main.go:27"
time="2024-07-26T09:00:01+04:00" level=info msg="register user handler" func="main.main()" file="main.go:30"
time="2024-07-26T09:00:01+04:00" level=info msg="start application" func="main.start()" file="main.go:52"
time="2024-07-26T09:02:11+04:00" level=info msg="parsing config" func="main.main()" file="main.go:23"
time="2024-07-26T09:03:11+04:00" level=info msg="parsing config" func="main.main()" file="main.go:23"
time="2024-07-26T09:03:11+04:00" level=info msg="<nil> - this is config" func="main.main()" file="main.go:25"
time="2024-07-26T09:03:11+04:00" level=info msg="create router" func="main.main()" file="main.go:27"
time="2024-07-26T09:03:11+04:00" level=info msg="register user handler" func="main.main()" file="main.go:30"
time="2024-07-26T09:03:11+04:00" level=info msg="start application" func="main.start()" file="main.go:52"
time="2024-07-26T09:04:39+04:00" level=info msg="parsing config" func="main.main()" file="main.go:23"
time="2024-07-26T09:04:39+04:00" level=info msg="<nil> - this is config" func="main.main()" file="main.go:25"
time="2024-07-26T09:04:39+04:00" level=info msg="create router" func="main.main()" file="main.go:27"
time="2024-07-26T09:04:39+04:00" level=info msg="register user handler" func="main.main()" file="main.go:30"
time="2024-07-26T09:04:39+04:00" level=info msg="start application" func="main.start()" file="main.go:52"
time="2024-07-26T09:06:01+04:00" level=info msg="parsing config" func="main.main()" file="main.go:23"
time="2024-07-26T13:59:30+04:00" level=info msg="parsing config" func="main.main()" file="main.go:24"
time="2024-07-26T13:59:30+04:00" level=info msg="{<nil> {port  8080}} - this is config" func="main.main()" file="main.go:27"
time="2024-07-26T13:59:30+04:00" level=info msg="create router" func="main.main()" file="main.go:29"
time="2024-07-26T13:59:30+04:00" level=info msg="register user handler" func="main.main()" file="main.go:32"
time="2024-07-26T13:59:30+04:00" level=info msg="start application" func="main.start()" file="main.go:54"
time="2024-07-26T14:01:47+04:00" level=info msg="parsing config" func="main.main()" file="main.go:24"
time="2024-07-26T14:01:47+04:00" level=info msg=" - this is config" func="main.main()" file="main.go:27"
time="2024-07-26T14:01:47+04:00" level=info msg="create router" func="main.main()" file="main.go:29"
time="2024-07-26T14:01:47+04:00" level=info msg="register user handler" func="main.main()" file="main.go:32"
time="2024-07-26T14:01:47+04:00" level=info msg="start application" func="main.start()" file="main.go:54"
time="2024-07-26T14:02:59+04:00" level=info msg="parsing config" func="main.main()" file="main.go:24"
time="2024-07-26T14:02:59+04:00" level=info msg="{port  8080} - this is config" func="main.main()" file="main.go:27"
time="2024-07-26T14:02:59+04:00" level=info msg="create router" func="main.main()" file="main.go:29"
time="2024-07-26T14:02:59+04:00" level=info msg="register user handler" func="main.main()" file="main.go:32"
time="2024-07-26T14:02:59+04:00" level=info msg="start application" func="main.start()" file="main.go:54"
time="2024-07-26T14:04:39+04:00" level=info msg="parsing config" func="main.main()" file="main.go:24"
time="2024-07-26T14:04:39+04:00" level=info msg="{<nil> {port  8080}} - this is config" func="main.main()" file="main.go:27"
time="2024-07-26T14:04:39+04:00" level=info msg="create router" func="main.main()" file="main.go:29"
time="2024-07-26T14:04:39+04:00" level=info msg="register user handler" func="main.main()" file="main.go:32"
time="2024-07-26T14:04:39+04:00" level=info msg="start application" func="main.start()" file="main.go:54"
time="2024-07-26T14:05:15+04:00" level=info msg="parsing config" func="main.main()" file="main.go:24"
time="2024-07-26T14:05:15+04:00" level=info msg="{<nil> {port  8080}} - this is config" func="main.main()" file="main.go:27"
time="2024-07-26T14:05:15+04:00" level=info msg="create router" func="main.main()" file="main.go:29"
time="2024-07-26T14:05:15+04:00" level=info msg="register user handler" func="main.main()" file="main.go:32"
time="2024-07-26T14:05:15+04:00" level=info msg="start application" func="main.start()" file="main.go:54"
time="2024-07-26T14:05:33+04:00" level=info msg="parsing config" func="main.main()" file="main.go:24"
time="2024-07-26T14:05:33+04:00" level=info msg="{<nil> {port1  8081}} - this is config" func="main.main()" file="main.go:27"
time="2024-07-26T14:05:33+04:00" level=info msg="create router" func="main.main()" file="main.go:29"
time="2024-07-26T14:05:33+04:00" level=info msg="register user handler" func="main.main()" file="main.go:32"
time="2024-07-26T14:05:33+04:00" level=info msg="start application" func="main.start()" file="main.go:54"
time="2024-07-26T14:07:27+04:00" level=info msg="parsing config" func="main.main()" file="main.go:24"
time="2024-07-26T14:07:27+04:00" level=info msg="{<nil> {port  8080}} - this is config" func="main.main()" file="main.go:27"
time="2024-07-26T14:07:27+04:00" level=info msg="create router" func="main.main()" file="main.go:29"
time="2024-07-26T14:07:27+04:00" level=info msg="register user handler" func="main.main()" file="main.go:32"
time="2024-07-26T14:07:27+04:00" level=info msg="start application" func="main.start()" file="main.go:54"
time="2024-07-26T19:15:11+04:00" level=info msg="parsing config" func="main.main()" file="main.go:24"
time="2024-07-26T19:15:11+04:00" level=info msg="{<nil> {port  8080}} - this is config" func="main.main()" file="main.go:27"
time="2024-07-26T19:15:11+04:00" level=info msg="create router" func="main.main()" file="main.go:29"
time="2024-07-26T19:15:11+04:00" level=info msg="register user handler" func="main.main()" file="main.go:32"
time="2024-07-26T19:15:11+04:00" level=info msg="start application" func="main.start()" file="main.go:42"
time="2024-07-26T19:15:11+04:00" level=info msg="server is listening port :8080" func="main.start()" file="main.go:54"
time="2024-07-26T19:16:19+04:00" level=info msg="parsing config" func="main.main()" file="main.go:24"
time="2024-07-26T19:16:19+04:00" level=info msg="{<nil> {port  8080}} - this is config" func="main.main()" file="main.go:27"
time="2024-07-26T19:16:19+04:00" level=info msg="create router" func="main.main()" file="main.go:29"
time="2024-07-26T19:16:19+04:00" level=info msg="register user handler" func="main.main()" file="main.go:32"
time="2024-07-26T19:16:19+04:00" level=info msg="start application" func="main.start()" file="main.go:42"
time="2024-07-26T19:16:19+04:00" level=info msg="server is listening port :8080" func="main.start()" file="main.go:54"
time="2024-07-26T19:18:58+04:00" level=info msg="read application configuration" func="micro/internal/config.GetConfig.func1()" file="config.go:26"
time="2024-07-26T19:18:58+04:00" level=info msg="create router" func="main.main()" file="main.go:25"
time="2024-07-26T19:18:58+04:00" level=info msg="register user handler" func="main.main()" file="main.go:28"
time="2024-07-26T19:18:58+04:00" level=info msg="start application" func="main.start()" file="main.go:38"
time="2024-07-26T19:21:47+04:00" level=info msg="read application configuration" func="micro/internal/config.GetConfig.func1()" file="config.go:26"
time="2024-07-26T19:21:47+04:00" level=info msg="create router" func="main.main()" file="main.go:25"
time="2024-07-26T19:21:47+04:00" level=info msg="register user handler" func="main.main()" file="main.go:28"
time="2024-07-26T19:21:47+04:00" level=info msg="start application" func="main.start()" file="main.go:38"
time="2024-07-26T19:23:19+04:00" level=info msg="read application configuration" func="micro/internal/config.GetConfig.func1()" file="config.go:26"
time="2024-07-26T19:23:19+04:00" level=info msg="&{0xc000014972 {port localhost 8080}}" func="micro/internal/config.GetConfig.func1()" file="config.go:33"
time="2024-07-26T19:23:19+04:00" level=info msg="create router" func="main.main()" file="main.go:25"
time="2024-07-26T19:23:19+04:00" level=info msg="register user handler" func="main.main()" file="main.go:28"
time="2024-07-26T19:23:19+04:00" level=info msg="start application" func="main.start()" file="main.go:38"
time="2024-07-26T19:25:02+04:00" level=info msg="read application configuration" func="micro/internal/config.GetConfig.func1()" file="config.go:26"
time="2024-07-26T19:25:02+04:00" level=info msg="{0xc000014972 {port localhost 8080}}" func="micro/internal/config.GetConfig.func1()" file="config.go:33"
time="2024-07-26T19:25:02+04:00" level=info msg="create router" func="main.main()" file="main.go:25"
time="2024-07-26T19:25:02+04:00" level=info msg="register user handler" func="main.main()" file="main.go:28"
time="2024-07-26T19:25:02+04:00" level=info msg="start application" func="main.start()" file="main.go:38"
time="2024-07-26T19:26:37+04:00" level=info msg="read application configuration" func="micro/internal/config.GetConfig.func1()" file="config.go:26"
time="2024-07-26T19:26:37+04:00" level=info msg="&{0xc000110872 {port localhost 8080}}" func="micro/internal/config.GetConfig.func1()" file="config.go:33"
time="2024-07-26T19:26:37+04:00" level=info msg="create router" func="main.main()" file="main.go:25"
time="2024-07-26T19:26:37+04:00" level=info msg="register user handler" func="main.main()" file="main.go:28"
time="2024-07-26T19:26:37+04:00" level=info msg="start application" func="main.start()" file="main.go:38"
time="2024-07-26T19:26:37+04:00" level=info msg="<nil>" func="main.start()" file="main.go:50"
time="2024-07-26T19:30:34+04:00" level=info msg="read application configuration" func="micro/internal/config.GetConfig.func1()" file="config.go:26"
time="2024-07-26T19:30:34+04:00" level=info msg="<nil>" func="micro/internal/config.GetConfig()" file="config.go:35"
time="2024-07-26T19:30:34+04:00" level=info msg="create router" func="main.main()" file="main.go:25"
time="2024-07-26T19:30:34+04:00" level=info msg="register user handler" func="main.main()" file="main.go:28"
time="2024-07-26T19:30:34+04:00" level=info msg="start application" func="main.start()" file="main.go:38"
time="2024-07-26T19:30:34+04:00" level=info msg="<nil>" func="main.start()" file="main.go:50"
time="2024-07-26T19:33:13+04:00" level=info msg="read application configuration" func="micro/internal/config.GetConfig.func1()" file="config.go:26"
time="2024-07-26T19:33:13+04:00" level=info msg="create router" func="main.main()" file="main.go:25"
time="2024-07-26T19:33:13+04:00" level=info msg="register user handler" func="main.main()" file="main.go:28"
time="2024-07-26T19:33:13+04:00" level=info msg="start application" func="main.start()" file="main.go:38"
time="2024-07-26T19:33:13+04:00" level=info msg="&{0xc0000a8872 {port localhost 8080}}" func="main.start()" file="main.go:50"
time="2024-07-26T19:33:13+04:00" level=info msg="server is listening port localhost:8080" func="main.start()" file="main.go:51"
